[ 2020-06-29T23:28:12+08:00 ] ::1 /Test/wms/index.php?m=Admin&c=Login&a=login
INFO: [ app_begin ] --START--
INFO: Run Behavior\ReadHtmlCacheBehavior [ RunTime:0.001002s ]
INFO: [ app_begin ] --END-- [ RunTime:0.001593s ]

[ 2020-06-29T23:28:31+08:00 ] ::1 /Test/wms/index.php?m=Admin&c=Login&a=login
INFO: [ app_begin ] --START--
INFO: Run Behavior\ReadHtmlCacheBehavior [ RunTime:0.001048s ]
INFO: [ app_begin ] --END-- [ RunTime:0.001757s ]

[ 2020-06-29T23:28:36+08:00 ] ::1 /Test/wms/index.php?m=Admin&c=Login&a=login
INFO: [ app_begin ] --START--
INFO: Run Behavior\ReadHtmlCacheBehavior [ RunTime:0.001244s ]
INFO: [ app_begin ] --END-- [ RunTime:0.002143s ]

[ 2020-06-29T23:28:37+08:00 ] ::1 /Test/wms/index.php?m=Admin&c=Login&a=login
INFO: [ app_begin ] --START--
INFO: Run Behavior\ReadHtmlCacheBehavior [ RunTime:0.001125s ]
INFO: [ app_begin ] --END-- [ RunTime:0.001662s ]

[ 2020-06-29T23:28:38+08:00 ] ::1 /Test/wms/index.php?m=Admin&c=Login&a=login
INFO: [ app_begin ] --START--
INFO: Run Behavior\ReadHtmlCacheBehavior [ RunTime:0.001049s ]
INFO: [ app_begin ] --END-- [ RunTime:0.001621s ]

[ 2020-06-29T23:28:38+08:00 ] ::1 /Test/wms/index.php?m=Admin&c=Login&a=login
INFO: [ app_begin ] --START--
INFO: Run Behavior\ReadHtmlCacheBehavior [ RunTime:0.001025s ]
INFO: [ app_begin ] --END-- [ RunTime:0.001561s ]

[ 2020-06-29T23:28:38+08:00 ] ::1 /Test/wms/index.php?m=Admin&c=Login&a=login
INFO: [ app_begin ] --START--
INFO: Run Behavior\ReadHtmlCacheBehavior [ RunTime:0.001164s ]
INFO: [ app_begin ] --END-- [ RunTime:0.001873s ]

[ 2020-06-29T23:28:38+08:00 ] ::1 /Test/wms/index.php?m=Admin&c=Login&a=login
INFO: [ app_begin ] --START--
INFO: Run Behavior\ReadHtmlCacheBehavior [ RunTime:0.001042s ]
INFO: [ app_begin ] --END-- [ RunTime:0.001646s ]

[ 2020-06-29T23:28:38+08:00 ] ::1 /Test/wms/index.php?m=Admin&c=Login&a=login
INFO: [ app_begin ] --START--
INFO: Run Behavior\ReadHtmlCacheBehavior [ RunTime:0.002191s ]
INFO: [ app_begin ] --END-- [ RunTime:0.002723s ]

[ 2020-06-29T23:28:38+08:00 ] ::1 /Test/wms/index.php?m=Admin&c=Login&a=login
INFO: [ app_begin ] --START--
INFO: Run Behavior\ReadHtmlCacheBehavior [ RunTime:0.001049s ]
INFO: [ app_begin ] --END-- [ RunTime:0.001732s ]

[ 2020-06-29T23:28:38+08:00 ] ::1 /Test/wms/index.php?m=Admin&c=Login&a=login
INFO: [ app_begin ] --START--
INFO: Run Behavior\ReadHtmlCacheBehavior [ RunTime:0.001686s ]
INFO: [ app_begin ] --END-- [ RunTime:0.002343s ]

[ 2020-06-29T23:28:39+08:00 ] ::1 /Test/wms/index.php?m=Admin&c=Login&a=login
INFO: [ app_begin ] --START--
INFO: Run Behavior\ReadHtmlCacheBehavior [ RunTime:0.001088s ]
INFO: [ app_begin ] --END-- [ RunTime:0.001667s ]

[ 2020-06-29T23:28:39+08:00 ] ::1 /Test/wms/index.php?m=Admin&c=Login&a=login
INFO: [ app_begin ] --START--
INFO: Run Behavior\ReadHtmlCacheBehavior [ RunTime:0.002360s ]
INFO: [ app_begin ] --END-- [ RunTime:0.003316s ]

[ 2020-06-29T23:28:53+08:00 ] ::1 /Test/wms/index.php?m=Admin&c=Login&a=login
INFO: [ app_begin ] --START--
INFO: Run Behavior\ReadHtmlCacheBehavior [ RunTime:0.001059s ]
INFO: [ app_begin ] --END-- [ RunTime:0.001576s ]
ERR: SQLSTATE[28000] [1045] Access denied for user 'root'@'localhost' (using password: YES)

[ 2020-06-29T23:28:58+08:00 ] ::1 /Test/wms/index.php?m=Admin&c=Login&a=login
INFO: [ app_begin ] --START--
INFO: Run Behavior\ReadHtmlCacheBehavior [ RunTime:0.001117s ]
INFO: [ app_begin ] --END-- [ RunTime:0.001699s ]

[ 2020-06-29T23:31:58+08:00 ] ::1 /Test/wms/index.php?m=Admin&c=Login&a=login
INFO: [ app_begin ] --START--
INFO: Run Behavior\ReadHtmlCacheBehavior [ RunTime:0.001078s ]
INFO: [ app_begin ] --END-- [ RunTime:0.001716s ]

[ 2020-06-29T23:32:00+08:00 ] ::1 /Test/wms/index.php?m=Admin&c=Login&a=login
INFO: [ app_begin ] --START--
INFO: Run Behavior\ReadHtmlCacheBehavior [ RunTime:0.001407s ]
INFO: [ app_begin ] --END-- [ RunTime:0.002112s ]

[ 2020-06-29T23:32:02+08:00 ] ::1 /Test/wms/index.php?m=Admin&c=Login&a=login
INFO: [ app_begin ] --START--
INFO: Run Behavior\ReadHtmlCacheBehavior [ RunTime:0.001074s ]
INFO: [ app_begin ] --END-- [ RunTime:0.001642s ]

[ 2020-06-29T23:38:30+08:00 ] ::1 /Test/wms/index.php?m=Admin&c=Login&a=login
INFO: [ app_begin ] --START--
INFO: Run Behavior\ReadHtmlCacheBehavior [ RunTime:0.002170s ]
INFO: [ app_begin ] --END-- [ RunTime:0.002889s ]

[ 2020-06-29T23:38:32+08:00 ] ::1 /Test/wms/index.php?m=Admin&c=Login&a=login
INFO: [ app_begin ] --START--
INFO: Run Behavior\ReadHtmlCacheBehavior [ RunTime:0.001054s ]
INFO: [ app_begin ] --END-- [ RunTime:0.001641s ]

[ 2020-06-29T23:38:32+08:00 ] ::1 /Test/wms/index.php?m=Admin&c=Login&a=login
INFO: [ app_begin ] --START--
INFO: Run Behavior\ReadHtmlCacheBehavior [ RunTime:0.001465s ]
INFO: [ app_begin ] --END-- [ RunTime:0.002224s ]

[ 2020-06-29T23:38:32+08:00 ] ::1 /Test/wms/index.php?m=Admin&c=Login&a=login
INFO: [ app_begin ] --START--
INFO: Run Behavior\ReadHtmlCacheBehavior [ RunTime:0.001281s ]
INFO: [ app_begin ] --END-- [ RunTime:0.001867s ]

[ 2020-06-29T23:38:32+08:00 ] ::1 /Test/wms/index.php?m=Admin&c=Login&a=login
INFO: [ app_begin ] --START--
INFO: Run Behavior\ReadHtmlCacheBehavior [ RunTime:0.001790s ]
INFO: [ app_begin ] --END-- [ RunTime:0.002569s ]

[ 2020-06-29T23:38:32+08:00 ] ::1 /Test/wms/index.php?m=Admin&c=Login&a=login
INFO: [ app_begin ] --START--
INFO: Run Behavior\ReadHtmlCacheBehavior [ RunTime:0.001353s ]
INFO: [ app_begin ] --END-- [ RunTime:0.002030s ]

[ 2020-06-29T23:38:33+08:00 ] ::1 /Test/wms/index.php?m=Admin&c=Login&a=login
INFO: [ app_begin ] --START--
INFO: Run Behavior\ReadHtmlCacheBehavior [ RunTime:0.001437s ]
INFO: [ app_begin ] --END-- [ RunTime:0.002110s ]

[ 2020-06-29T23:38:34+08:00 ] ::1 /Test/wms/index.php?m=Admin&c=Login&a=login
INFO: [ app_begin ] --START--
INFO: Run Behavior\ReadHtmlCacheBehavior [ RunTime:0.001272s ]
INFO: [ app_begin ] --END-- [ RunTime:0.001848s ]

[ 2020-06-29T23:38:34+08:00 ] ::1 /Test/wms/index.php?m=Admin&c=Login&a=login
INFO: [ app_begin ] --START--
INFO: Run Behavior\ReadHtmlCacheBehavior [ RunTime:0.001114s ]
INFO: [ app_begin ] --END-- [ RunTime:0.001709s ]

[ 2020-06-29T23:38:34+08:00 ] ::1 /Test/wms/index.php?m=Admin&c=Login&a=login
INFO: [ app_begin ] --START--
INFO: Run Behavior\ReadHtmlCacheBehavior [ RunTime:0.001005s ]
INFO: [ app_begin ] --END-- [ RunTime:0.001548s ]

[ 2020-06-29T23:38:34+08:00 ] ::1 /Test/wms/index.php?m=Admin&c=Login&a=login
INFO: [ app_begin ] --START--
INFO: Run Behavior\ReadHtmlCacheBehavior [ RunTime:0.000958s ]
INFO: [ app_begin ] --END-- [ RunTime:0.001430s ]

[ 2020-06-29T23:38:35+08:00 ] ::1 /Test/wms/index.php?m=Admin&c=Login&a=login
INFO: [ app_begin ] --START--
INFO: Run Behavior\ReadHtmlCacheBehavior [ RunTime:0.001161s ]
INFO: [ app_begin ] --END-- [ RunTime:0.001806s ]

[ 2020-06-29T23:38:35+08:00 ] ::1 /Test/wms/index.php?m=Admin&c=Login&a=login
INFO: [ app_begin ] --START--
INFO: Run Behavior\ReadHtmlCacheBehavior [ RunTime:0.001338s ]
INFO: [ app_begin ] --END-- [ RunTime:0.002017s ]

