[ 2020-06-30T11:23:24+08:00 ] ::1 /Test/wms/index.php?m=Admin&c=Login&a=login
INFO: [ app_begin ] --START--
INFO: Run Behavior\ReadHtmlCacheBehavior [ RunTime:0.002530s ]
INFO: [ app_begin ] --END-- [ RunTime:0.003407s ]
ERR: SQLSTATE[28000] [1045] Access denied for user 'root'@'localhost' (using password: YES)

[ 2020-06-30T11:23:29+08:00 ] ::1 /Test/wms/index.php?m=Admin&c=Login&a=login
INFO: [ app_begin ] --START--
INFO: Run Behavior\ReadHtmlCacheBehavior [ RunTime:0.002327s ]
INFO: [ app_begin ] --END-- [ RunTime:0.003602s ]
ERR: SQLSTATE[28000] [1045] Access denied for user 'root'@'localhost' (using password: YES)

[ 2020-06-30T11:23:33+08:00 ] ::1 /Test/wms/index.php?m=Admin&c=Login&a=login
INFO: [ app_begin ] --START--
INFO: Run Behavior\ReadHtmlCacheBehavior [ RunTime:0.002684s ]
INFO: [ app_begin ] --END-- [ RunTime:0.004272s ]
ERR: SQLSTATE[28000] [1045] Access denied for user 'root'@'localhost' (using password: YES)

[ 2020-06-30T11:23:35+08:00 ] ::1 /Test/wms/index.php?m=Admin&c=Login&a=login
INFO: [ app_begin ] --START--
INFO: Run Behavior\ReadHtmlCacheBehavior [ RunTime:0.002426s ]
INFO: [ app_begin ] --END-- [ RunTime:0.003738s ]
ERR: SQLSTATE[28000] [1045] Access denied for user 'root'@'localhost' (using password: YES)

[ 2020-06-30T11:23:37+08:00 ] ::1 /Test/wms/index.php?m=Admin&c=Login&a=login
INFO: [ app_begin ] --START--
INFO: Run Behavior\ReadHtmlCacheBehavior [ RunTime:0.003661s ]
INFO: [ app_begin ] --END-- [ RunTime:0.005558s ]
ERR: SQLSTATE[28000] [1045] Access denied for user 'root'@'localhost' (using password: YES)

[ 2020-06-30T11:25:47+08:00 ] ::1 /Test/wms/index.php?m=Admin&c=Login&a=login
INFO: [ app_begin ] --START--
INFO: Run Behavior\ReadHtmlCacheBehavior [ RunTime:0.001598s ]
INFO: [ app_begin ] --END-- [ RunTime:0.002245s ]
ERR: SQLSTATE[28000] [1045] Access denied for user 'root'@'localhost' (using password: YES)

[ 2020-06-30T11:25:49+08:00 ] ::1 /Test/wms/index.php?m=Admin&c=Login&a=login
INFO: [ app_begin ] --START--
INFO: Run Behavior\ReadHtmlCacheBehavior [ RunTime:0.003788s ]
INFO: [ app_begin ] --END-- [ RunTime:0.005838s ]
ERR: SQLSTATE[28000] [1045] Access denied for user 'root'@'localhost' (using password: YES)

[ 2020-06-30T11:35:19+08:00 ] ::1 /Test/wms/index.php?m=Admin&c=Login&a=login
INFO: [ app_begin ] --START--
INFO: Run Behavior\ReadHtmlCacheBehavior [ RunTime:0.001461s ]
INFO: [ app_begin ] --END-- [ RunTime:0.002236s ]
ERR: SQLSTATE[28000] [1045] Access denied for user 'root'@'localhost' (using password: YES)

[ 2020-06-30T11:35:23+08:00 ] ::1 /Test/wms/index.php?m=Admin&c=Login&a=login
INFO: [ app_begin ] --START--
INFO: Run Behavior\ReadHtmlCacheBehavior [ RunTime:0.001200s ]
INFO: [ app_begin ] --END-- [ RunTime:0.001867s ]
ERR: SQLSTATE[28000] [1045] Access denied for user 'root'@'localhost' (using password: YES)

[ 2020-06-30T11:43:59+08:00 ] ::1 /Test/wms/admin.php?m=Admin&c=Login&a=login
INFO: [ app_begin ] --START--
INFO: Run Behavior\ReadHtmlCacheBehavior [ RunTime:0.001763s ]
INFO: [ app_begin ] --END-- [ RunTime:0.003340s ]
ERR: SQLSTATE[28000] [1045] Access denied for user 'root'@'localhost' (using password: YES)

[ 2020-06-30T11:47:45+08:00 ] ::1 /Test/wms/admin.php?m=Admin&c=Login&a=login
INFO: [ app_begin ] --START--
INFO: Run Behavior\ReadHtmlCacheBehavior [ RunTime:0.001420s ]
INFO: [ app_begin ] --END-- [ RunTime:0.002445s ]
ERR: SQLSTATE[28000] [1045] Access denied for user 'root'@'localhost' (using password: YES)

[ 2020-06-30T11:47:47+08:00 ] ::1 /Test/wms/admin.php?m=Admin&c=Login&a=login
INFO: [ app_begin ] --START--
INFO: Run Behavior\ReadHtmlCacheBehavior [ RunTime:0.001426s ]
INFO: [ app_begin ] --END-- [ RunTime:0.002486s ]
ERR: SQLSTATE[28000] [1045] Access denied for user 'root'@'localhost' (using password: YES)

[ 2020-06-30T11:48:46+08:00 ] ::1 /Test/wms/admin.php?m=Admin&c=Login&a=login
INFO: [ app_begin ] --START--
INFO: Run Behavior\ReadHtmlCacheBehavior [ RunTime:0.001240s ]
INFO: [ app_begin ] --END-- [ RunTime:0.002054s ]
ERR: SQLSTATE[28000] [1045] Access denied for user 'root'@'localhost' (using password: YES)

[ 2020-06-30T11:48:52+08:00 ] ::1 /Test/wms/admin.php?m=Admin&c=Login&a=login
INFO: [ app_begin ] --START--
INFO: Run Behavior\ReadHtmlCacheBehavior [ RunTime:0.002377s ]
INFO: [ app_begin ] --END-- [ RunTime:0.003445s ]
ERR: SQLSTATE[28000] [1045] Access denied for user 'root'@'localhost' (using password: YES)

[ 2020-06-30T11:48:55+08:00 ] ::1 /Test/wms/admin.php?m=Admin&c=Login&a=login
INFO: [ app_begin ] --START--
INFO: Run Behavior\ReadHtmlCacheBehavior [ RunTime:0.002121s ]
INFO: [ app_begin ] --END-- [ RunTime:0.003096s ]
ERR: SQLSTATE[28000] [1045] Access denied for user 'root'@'localhost' (using password: YES)

[ 2020-06-30T11:49:04+08:00 ] ::1 /Test/wms/admin.php?m=Admin&c=Login&a=login
INFO: [ app_begin ] --START--
INFO: Run Behavior\ReadHtmlCacheBehavior [ RunTime:0.002332s ]
INFO: [ app_begin ] --END-- [ RunTime:0.003976s ]
ERR: SQLSTATE[28000] [1045] Access denied for user 'root'@'localhost' (using password: YES)

[ 2020-06-30T11:50:53+08:00 ] ::1 /Test/wms/admin.php?m=Admin&c=Login&a=login
INFO: [ app_begin ] --START--
INFO: Run Behavior\ReadHtmlCacheBehavior [ RunTime:0.002547s ]
INFO: [ app_begin ] --END-- [ RunTime:0.004203s ]
ERR: SQLSTATE[28000] [1045] Access denied for user 'root'@'localhost' (using password: YES)

[ 2020-06-30T11:51:10+08:00 ] ::1 /Test/wms/admin.php?m=Admin&c=Login&a=login
INFO: [ app_begin ] --START--
INFO: Run Behavior\ReadHtmlCacheBehavior [ RunTime:0.002339s ]
INFO: [ app_begin ] --END-- [ RunTime:0.003650s ]
ERR: SQLSTATE[28000] [1045] Access denied for user 'root'@'localhost' (using password: YES)

[ 2020-06-30T11:51:12+08:00 ] ::1 /Test/wms/admin.php?m=Admin&c=Login&a=login
INFO: [ app_begin ] --START--
INFO: Run Behavior\ReadHtmlCacheBehavior [ RunTime:0.000770s ]
INFO: [ app_begin ] --END-- [ RunTime:0.001256s ]
ERR: SQLSTATE[28000] [1045] Access denied for user 'root'@'localhost' (using password: YES)

[ 2020-06-30T11:56:13+08:00 ] ::1 /Test/wms/admin.php?m=Admin&c=Login&a=login
INFO: [ app_begin ] --START--
INFO: Run Behavior\ReadHtmlCacheBehavior [ RunTime:0.002398s ]
INFO: [ app_begin ] --END-- [ RunTime:0.004835s ]
ERR: SQLSTATE[28000] [1045] Access denied for user 'root'@'localhost' (using password: YES)

[ 2020-06-30T11:56:16+08:00 ] ::1 /Test/wms/admin.php?m=Admin&c=Login&a=login
INFO: [ app_begin ] --START--
INFO: Run Behavior\ReadHtmlCacheBehavior [ RunTime:0.001188s ]
INFO: [ app_begin ] --END-- [ RunTime:0.001719s ]
ERR: SQLSTATE[28000] [1045] Access denied for user 'root'@'localhost' (using password: YES)

[ 2020-06-30T11:56:18+08:00 ] ::1 /Test/wms/admin.php?m=Admin&c=Login&a=login
INFO: [ app_begin ] --START--
INFO: Run Behavior\ReadHtmlCacheBehavior [ RunTime:0.002085s ]
INFO: [ app_begin ] --END-- [ RunTime:0.003368s ]
ERR: SQLSTATE[28000] [1045] Access denied for user 'root'@'localhost' (using password: YES)

[ 2020-06-30T11:56:33+08:00 ] ::1 /Test/wms/admin.php?m=Admin&c=Login&a=login
INFO: [ app_begin ] --START--
INFO: Run Behavior\ReadHtmlCacheBehavior [ RunTime:0.001768s ]
INFO: [ app_begin ] --END-- [ RunTime:0.002897s ]
SQL: SHOW COLUMNS FROM `member` [ RunTime:0.0809s ]

[ 2020-06-30T11:57:01+08:00 ] ::1 /Test/wms/admin.php?m=Admin&c=Login&a=login
INFO: [ app_begin ] --START--
INFO: Run Behavior\ReadHtmlCacheBehavior [ RunTime:0.002562s ]
INFO: [ app_begin ] --END-- [ RunTime:0.003980s ]
SQL: SELECT * FROM `member` WHERE ( username = 'Apple' and password= 'e10adc3949ba59abbe56e057f20f883e' ) LIMIT 1   [ RunTime:0.0067s ]
INFO: [ app_end ] --START--
INFO: Run Behavior\ShowPageTraceBehavior [ RunTime:0.002834s ]
INFO: [ app_end ] --END-- [ RunTime:0.002998s ]

[ 2020-06-30T11:57:02+08:00 ] ::1 /Test/wms/admin.php?m=Admin&c=Login&a=login
INFO: [ app_begin ] --START--
INFO: Run Behavior\ReadHtmlCacheBehavior [ RunTime:0.004482s ]
INFO: [ app_begin ] --END-- [ RunTime:0.005905s ]

[ 2020-06-30T11:57:15+08:00 ] ::1 /Test/wms/admin.php?m=Admin&c=Login&a=login
INFO: [ app_begin ] --START--
INFO: Run Behavior\ReadHtmlCacheBehavior [ RunTime:0.003293s ]
INFO: [ app_begin ] --END-- [ RunTime:0.004634s ]
SQL: SELECT * FROM `member` WHERE ( username = 'Apple' and password= 'e10adc3949ba59abbe56e057f20f883e' ) LIMIT 1   [ RunTime:0.0007s ]
INFO: [ app_end ] --START--
INFO: Run Behavior\ShowPageTraceBehavior [ RunTime:0.002420s ]
INFO: [ app_end ] --END-- [ RunTime:0.002542s ]

[ 2020-06-30T11:57:17+08:00 ] ::1 /Test/wms/admin.php?m=Admin&c=Login&a=login
INFO: [ app_begin ] --START--
INFO: Run Behavior\ReadHtmlCacheBehavior [ RunTime:0.002875s ]
INFO: [ app_begin ] --END-- [ RunTime:0.004165s ]

[ 2020-06-30T11:57:18+08:00 ] ::1 /Test/wms/admin.php?m=Admin&c=Login&a=login
INFO: [ app_begin ] --START--
INFO: Run Behavior\ReadHtmlCacheBehavior [ RunTime:0.002880s ]
INFO: [ app_begin ] --END-- [ RunTime:0.004288s ]

[ 2020-06-30T11:57:18+08:00 ] ::1 /Test/wms/admin.php?m=Admin&c=Login&a=login
INFO: [ app_begin ] --START--
INFO: Run Behavior\ReadHtmlCacheBehavior [ RunTime:0.001551s ]
INFO: [ app_begin ] --END-- [ RunTime:0.002395s ]

[ 2020-06-30T11:57:18+08:00 ] ::1 /Test/wms/admin.php?m=Admin&c=Login&a=login
INFO: [ app_begin ] --START--
INFO: Run Behavior\ReadHtmlCacheBehavior [ RunTime:0.001725s ]
INFO: [ app_begin ] --END-- [ RunTime:0.002444s ]

[ 2020-06-30T11:57:18+08:00 ] ::1 /Test/wms/admin.php?m=Admin&c=Login&a=login
INFO: [ app_begin ] --START--
INFO: Run Behavior\ReadHtmlCacheBehavior [ RunTime:0.001603s ]
INFO: [ app_begin ] --END-- [ RunTime:0.002164s ]

[ 2020-06-30T11:57:18+08:00 ] ::1 /Test/wms/admin.php?m=Admin&c=Login&a=login
INFO: [ app_begin ] --START--
INFO: Run Behavior\ReadHtmlCacheBehavior [ RunTime:0.001060s ]
INFO: [ app_begin ] --END-- [ RunTime:0.001626s ]

[ 2020-06-30T11:57:18+08:00 ] ::1 /Test/wms/admin.php?m=Admin&c=Login&a=login
INFO: [ app_begin ] --START--
INFO: Run Behavior\ReadHtmlCacheBehavior [ RunTime:0.001427s ]
INFO: [ app_begin ] --END-- [ RunTime:0.002111s ]

[ 2020-06-30T11:57:19+08:00 ] ::1 /Test/wms/admin.php?m=Admin&c=Login&a=login
INFO: [ app_begin ] --START--
INFO: Run Behavior\ReadHtmlCacheBehavior [ RunTime:0.003379s ]
INFO: [ app_begin ] --END-- [ RunTime:0.004225s ]

[ 2020-06-30T11:57:19+08:00 ] ::1 /Test/wms/admin.php?m=Admin&c=Login&a=login
INFO: [ app_begin ] --START--
INFO: Run Behavior\ReadHtmlCacheBehavior [ RunTime:0.001697s ]
INFO: [ app_begin ] --END-- [ RunTime:0.002305s ]

[ 2020-06-30T11:57:19+08:00 ] ::1 /Test/wms/admin.php?m=Admin&c=Login&a=login
INFO: [ app_begin ] --START--
INFO: Run Behavior\ReadHtmlCacheBehavior [ RunTime:0.001328s ]
INFO: [ app_begin ] --END-- [ RunTime:0.002345s ]

[ 2020-06-30T11:57:19+08:00 ] ::1 /Test/wms/admin.php?m=Admin&c=Login&a=login
INFO: [ app_begin ] --START--
INFO: Run Behavior\ReadHtmlCacheBehavior [ RunTime:0.000741s ]
INFO: [ app_begin ] --END-- [ RunTime:0.001287s ]

[ 2020-06-30T11:57:19+08:00 ] ::1 /Test/wms/admin.php?m=Admin&c=Login&a=login
INFO: [ app_begin ] --START--
INFO: Run Behavior\ReadHtmlCacheBehavior [ RunTime:0.000903s ]
INFO: [ app_begin ] --END-- [ RunTime:0.001499s ]

[ 2020-06-30T11:57:19+08:00 ] ::1 /Test/wms/admin.php?m=Admin&c=Login&a=login
INFO: [ app_begin ] --START--
INFO: Run Behavior\ReadHtmlCacheBehavior [ RunTime:0.001983s ]
INFO: [ app_begin ] --END-- [ RunTime:0.003207s ]

[ 2020-06-30T11:58:44+08:00 ] ::1 /Test/wms/admin.php?m=Admin&c=Login&a=login
INFO: [ app_begin ] --START--
INFO: Run Behavior\ReadHtmlCacheBehavior [ RunTime:0.000972s ]
INFO: [ app_begin ] --END-- [ RunTime:0.001575s ]

[ 2020-06-30T11:58:45+08:00 ] ::1 /Test/wms/admin.php?m=Admin&c=Login&a=login
INFO: [ app_begin ] --START--
INFO: Run Behavior\ReadHtmlCacheBehavior [ RunTime:0.001933s ]
INFO: [ app_begin ] --END-- [ RunTime:0.003291s ]

[ 2020-06-30T11:58:57+08:00 ] ::1 /Test/wms/admin.php?m=Admin&c=Login&a=login
INFO: [ app_begin ] --START--
INFO: Run Behavior\ReadHtmlCacheBehavior [ RunTime:0.001978s ]
INFO: [ app_begin ] --END-- [ RunTime:0.003160s ]
SQL: SELECT * FROM `member` WHERE ( username = 'Apple' and password= 'e10adc3949ba59abbe56e057f20f883e' ) LIMIT 1   [ RunTime:0.0083s ]
INFO: [ app_end ] --START--
INFO: Run Behavior\ShowPageTraceBehavior [ RunTime:0.003299s ]
INFO: [ app_end ] --END-- [ RunTime:0.003519s ]

[ 2020-06-30T11:59:08+08:00 ] ::1 /Test/wms/admin.php?m=Admin&c=Login&a=login
INFO: [ app_begin ] --START--
INFO: Run Behavior\ReadHtmlCacheBehavior [ RunTime:0.001973s ]
INFO: [ app_begin ] --END-- [ RunTime:0.003292s ]

[ 2020-06-30T12:02:44+08:00 ] ::1 /Test/wms/admin.php?m=Admin&c=Login&a=login
INFO: [ app_begin ] --START--
INFO: Run Behavior\ReadHtmlCacheBehavior [ RunTime:0.002163s ]
INFO: [ app_begin ] --END-- [ RunTime:0.003552s ]
SQL: SELECT * FROM `member` WHERE ( username = 'Apple' and password= 'e10adc3949ba59abbe56e057f20f883e' ) LIMIT 1   [ RunTime:0.0096s ]
INFO: [ app_end ] --START--
INFO: Run Behavior\ShowPageTraceBehavior [ RunTime:0.004050s ]
INFO: [ app_end ] --END-- [ RunTime:0.004291s ]

[ 2020-06-30T12:02:46+08:00 ] ::1 /Test/wms/admin.php?m=Admin&c=Login&a=login
INFO: [ app_begin ] --START--
INFO: Run Behavior\ReadHtmlCacheBehavior [ RunTime:0.001960s ]
INFO: [ app_begin ] --END-- [ RunTime:0.003294s ]

[ 2020-06-30T12:02:47+08:00 ] ::1 /Test/wms/admin.php?m=Admin&c=Login&a=login
INFO: [ app_begin ] --START--
INFO: Run Behavior\ReadHtmlCacheBehavior [ RunTime:0.002029s ]
INFO: [ app_begin ] --END-- [ RunTime:0.003331s ]

[ 2020-06-30T12:02:55+08:00 ] ::1 /Test/wms/admin.php?m=Admin&c=Login&a=login
INFO: [ app_begin ] --START--
INFO: Run Behavior\ReadHtmlCacheBehavior [ RunTime:0.003329s ]
INFO: [ app_begin ] --END-- [ RunTime:0.005429s ]
SQL: SELECT * FROM `member` WHERE ( username = 'Apple' and password= 'e10adc3949ba59abbe56e057f20f883e' ) LIMIT 1   [ RunTime:0.0012s ]
INFO: [ app_end ] --START--
INFO: Run Behavior\ShowPageTraceBehavior [ RunTime:0.003456s ]
INFO: [ app_end ] --END-- [ RunTime:0.003763s ]

[ 2020-06-30T12:03:12+08:00 ] ::1 /Test/wms/admin.php?m=Admin&c=Login&a=login
INFO: [ app_begin ] --START--
INFO: Run Behavior\ReadHtmlCacheBehavior [ RunTime:0.001100s ]
INFO: [ app_begin ] --END-- [ RunTime:0.001824s ]

[ 2020-06-30T12:06:32+08:00 ] ::1 /Test/wms/admin.php?m=Admin&c=Login&a=login
INFO: [ app_begin ] --START--
INFO: Run Behavior\ReadHtmlCacheBehavior [ RunTime:0.001683s ]
INFO: [ app_begin ] --END-- [ RunTime:0.002382s ]
SQL: SELECT * FROM `member` WHERE ( username = 'Apple' and password= 'e10adc3949ba59abbe56e057f20f883e' ) LIMIT 1   [ RunTime:0.0011s ]
INFO: [ app_end ] --START--
INFO: Run Behavior\ShowPageTraceBehavior [ RunTime:0.003713s ]
INFO: [ app_end ] --END-- [ RunTime:0.003934s ]

[ 2020-06-30T12:10:31+08:00 ] ::1 /Test/wms/admin.php?m=Admin&c=Login&a=index
ERR: Think\Controller:displa方法不存在！

[ 2020-06-30T12:15:06+08:00 ] ::1 /Test/wms/admin.php?m=Admin&c=Login&a=login
INFO: [ app_begin ] --START--
INFO: Run Behavior\ReadHtmlCacheBehavior [ RunTime:0.001043s ]
INFO: [ app_begin ] --END-- [ RunTime:0.001616s ]
SQL: SELECT * FROM `member` WHERE ( username = 'Apple' and password= 'e10adc3949ba59abbe56e057f20f883e' ) LIMIT 1   [ RunTime:0.0015s ]
INFO: [ app_end ] --START--
INFO: Run Behavior\ShowPageTraceBehavior [ RunTime:0.006006s ]
INFO: [ app_end ] --END-- [ RunTime:0.006344s ]

[ 2020-06-30T12:15:13+08:00 ] ::1 /Test/wms/admin.php?m=Admin&c=Login&a=login
INFO: [ app_begin ] --START--
INFO: Run Behavior\ReadHtmlCacheBehavior [ RunTime:0.002665s ]
INFO: [ app_begin ] --END-- [ RunTime:0.004333s ]

[ 2020-06-30T12:15:21+08:00 ] ::1 /Test/wms/admin.php?m=Admin&c=Login&a=login
INFO: [ app_begin ] --START--
INFO: Run Behavior\ReadHtmlCacheBehavior [ RunTime:0.001986s ]
INFO: [ app_begin ] --END-- [ RunTime:0.003019s ]

[ 2020-06-30T12:15:35+08:00 ] ::1 /Test/wms/admin.php?m=Admin&c=Login&a=login
INFO: [ app_begin ] --START--
INFO: Run Behavior\ReadHtmlCacheBehavior [ RunTime:0.002581s ]
INFO: [ app_begin ] --END-- [ RunTime:0.003642s ]
SQL: SELECT * FROM `member` WHERE ( username = 'Apple' and password= 'e10adc3949ba59abbe56e057f20f883e' ) LIMIT 1   [ RunTime:0.0013s ]
INFO: [ app_end ] --START--
INFO: Run Behavior\ShowPageTraceBehavior [ RunTime:0.005851s ]
INFO: [ app_end ] --END-- [ RunTime:0.006147s ]

[ 2020-06-30T12:15:39+08:00 ] ::1 /Test/wms/admin.php?m=Admin&c=Login&a=login
INFO: [ app_begin ] --START--
INFO: Run Behavior\ReadHtmlCacheBehavior [ RunTime:0.002649s ]
INFO: [ app_begin ] --END-- [ RunTime:0.003967s ]

[ 2020-06-30T12:16:17+08:00 ] ::1 /Test/wms/admin.php?m=Admin&c=Login&a=login
INFO: [ app_begin ] --START--
INFO: Run Behavior\ReadHtmlCacheBehavior [ RunTime:0.002701s ]
INFO: [ app_begin ] --END-- [ RunTime:0.003669s ]

[ 2020-06-30T12:16:18+08:00 ] ::1 /Test/wms/admin.php?m=Admin&c=Login&a=login
INFO: [ app_begin ] --START--
INFO: Run Behavior\ReadHtmlCacheBehavior [ RunTime:0.001668s ]
INFO: [ app_begin ] --END-- [ RunTime:0.002524s ]

[ 2020-06-30T12:16:44+08:00 ] ::1 /Test/wms/admin.php?m=Admin&c=Login&a=login
INFO: [ app_begin ] --START--
INFO: Run Behavior\ReadHtmlCacheBehavior [ RunTime:0.002014s ]
INFO: [ app_begin ] --END-- [ RunTime:0.002863s ]

[ 2020-06-30T12:21:42+08:00 ] ::1 /Test/wms/admin.php?m=Admin&c=Login&a=login
INFO: [ app_begin ] --START--
INFO: Run Behavior\ReadHtmlCacheBehavior [ RunTime:0.005001s ]
INFO: [ app_begin ] --END-- [ RunTime:0.009140s ]

[ 2020-06-30T12:22:03+08:00 ] ::1 /Test/wms/admin.php?m=Admin&c=Login&a=login
INFO: [ app_begin ] --START--
INFO: Run Behavior\ReadHtmlCacheBehavior [ RunTime:0.001483s ]
INFO: [ app_begin ] --END-- [ RunTime:0.002871s ]
ERR: SQLSTATE[42S22]: Column not found: 1054 Unknown column 'Apple' in 'where clause'

[ 2020-06-30T12:25:03+08:00 ] ::1 /Test/wms/admin.php?m=Admin&c=Login&a=login
INFO: [ app_begin ] --START--
INFO: Run Behavior\ReadHtmlCacheBehavior [ RunTime:0.001768s ]
INFO: [ app_begin ] --END-- [ RunTime:0.002495s ]
ERR: SQLSTATE[42S22]: Column not found: 1054 Unknown column 'jj' in 'where clause'

[ 2020-06-30T12:25:27+08:00 ] ::1 /Test/wms/admin.php?m=Admin&c=Login&a=login
INFO: [ app_begin ] --START--
INFO: Run Behavior\ReadHtmlCacheBehavior [ RunTime:0.001524s ]
INFO: [ app_begin ] --END-- [ RunTime:0.002316s ]

[ 2020-06-30T12:31:28+08:00 ] ::1 /Test/wms/admin.php?m=Admin&c=Login&a=login
INFO: [ app_begin ] --START--
INFO: Run Behavior\ReadHtmlCacheBehavior [ RunTime:0.004028s ]
INFO: [ app_begin ] --END-- [ RunTime:0.004836s ]
SQL: SELECT * FROM `member` WHERE ( username = 'Apple' and password= 'e10adc3949ba59abbe56e057f20f883e' ) LIMIT 1   [ RunTime:0.0064s ]
INFO: [ app_end ] --START--
INFO: Run Behavior\ShowPageTraceBehavior [ RunTime:0.004176s ]
INFO: [ app_end ] --END-- [ RunTime:0.004394s ]

[ 2020-06-30T12:31:41+08:00 ] ::1 /Test/wms/admin.php?m=Admin&c=Login&a=login
INFO: [ app_begin ] --START--
INFO: Run Behavior\ReadHtmlCacheBehavior [ RunTime:0.001834s ]
INFO: [ app_begin ] --END-- [ RunTime:0.002767s ]

[ 2020-06-30T12:31:49+08:00 ] ::1 /Test/wms/admin.php?m=Admin&c=Login&a=login
INFO: [ app_begin ] --START--
INFO: Run Behavior\ReadHtmlCacheBehavior [ RunTime:0.002553s ]
INFO: [ app_begin ] --END-- [ RunTime:0.003869s ]
SQL: SELECT * FROM `member` WHERE ( username = 'Apple' and password= 'e10adc3949ba59abbe56e057f20f883e' ) LIMIT 1   [ RunTime:0.0009s ]
INFO: [ app_end ] --START--
INFO: Run Behavior\ShowPageTraceBehavior [ RunTime:0.003700s ]
INFO: [ app_end ] --END-- [ RunTime:0.004031s ]

[ 2020-06-30T12:33:50+08:00 ] ::1 /Test/wms/admin.php?m=Admin&c=Login&a=login
INFO: [ app_begin ] --START--
INFO: Run Behavior\ReadHtmlCacheBehavior [ RunTime:0.001832s ]
INFO: [ app_begin ] --END-- [ RunTime:0.002495s ]
SQL: SELECT * FROM `member` WHERE ( username = 'Apple' and password= 'e10adc3949ba59abbe56e057f20f883e' ) LIMIT 1   [ RunTime:0.0014s ]
INFO: [ app_end ] --START--
INFO: Run Behavior\ShowPageTraceBehavior [ RunTime:0.004414s ]
INFO: [ app_end ] --END-- [ RunTime:0.004635s ]

[ 2020-06-30T12:42:55+08:00 ] ::1 /Test/wms/admin.php?m=Admin&c=Login&a=login
INFO: [ app_begin ] --START--
INFO: Run Behavior\ReadHtmlCacheBehavior [ RunTime:0.001804s ]
INFO: [ app_begin ] --END-- [ RunTime:0.002416s ]

[ 2020-06-30T12:43:20+08:00 ] ::1 /Test/wms/admin.php?m=Admin&c=Login&a=login
INFO: [ app_begin ] --START--
INFO: Run Behavior\ReadHtmlCacheBehavior [ RunTime:0.001215s ]
INFO: [ app_begin ] --END-- [ RunTime:0.001992s ]
ERR: SQLSTATE[42000]: Syntax error or access violation: 1064 You have an error in your SQL syntax; check the manual that corresponds to your MySQL server version for the right syntax to use near 'password=af15d5fdacd5fdfea300e88a8e253e82 ) LIMIT 1' at line 1

[ 2020-06-30T12:45:45+08:00 ] ::1 /Test/wms/admin.php?m=Admin&c=Login&a=login
INFO: [ app_begin ] --START--
INFO: Run Behavior\ReadHtmlCacheBehavior [ RunTime:0.002894s ]
INFO: [ app_begin ] --END-- [ RunTime:0.003699s ]

[ 2020-06-30T12:46:12+08:00 ] ::1 /Test/wms/admin.php?m=Admin&c=Login&a=login
INFO: [ app_begin ] --START--
INFO: Run Behavior\ReadHtmlCacheBehavior [ RunTime:0.001513s ]
INFO: [ app_begin ] --END-- [ RunTime:0.002205s ]
ERR: SQLSTATE[42000]: Syntax error or access violation: 1064 You have an error in your SQL syntax; check the manual that corresponds to your MySQL server version for the right syntax to use near 'password=a73f86ae408af70b67141843e7130723 ) LIMIT 1' at line 1

[ 2020-06-30T12:52:19+08:00 ] ::1 /Test/wms/admin.php?m=Admin&c=Login&a=login
INFO: [ app_begin ] --START--
INFO: Run Behavior\ReadHtmlCacheBehavior [ RunTime:0.002554s ]
INFO: [ app_begin ] --END-- [ RunTime:0.004374s ]

[ 2020-06-30T12:52:19+08:00 ] ::1 /Test/wms/admin.php?m=Admin&c=Login&a=login
INFO: [ app_begin ] --START--
INFO: Run Behavior\ReadHtmlCacheBehavior [ RunTime:0.001085s ]
INFO: [ app_begin ] --END-- [ RunTime:0.001692s ]

[ 2020-06-30T12:52:19+08:00 ] ::1 /Test/wms/admin.php?m=Admin&c=Login&a=login
INFO: [ app_begin ] --START--
INFO: Run Behavior\ReadHtmlCacheBehavior [ RunTime:0.000994s ]
INFO: [ app_begin ] --END-- [ RunTime:0.001539s ]

[ 2020-06-30T12:52:19+08:00 ] ::1 /Test/wms/admin.php?m=Admin&c=Login&a=login
INFO: [ app_begin ] --START--
INFO: Run Behavior\ReadHtmlCacheBehavior [ RunTime:0.002087s ]
INFO: [ app_begin ] --END-- [ RunTime:0.003461s ]

[ 2020-06-30T12:52:19+08:00 ] ::1 /Test/wms/admin.php?m=Admin&c=Login&a=login
INFO: [ app_begin ] --START--
INFO: Run Behavior\ReadHtmlCacheBehavior [ RunTime:0.001497s ]
INFO: [ app_begin ] --END-- [ RunTime:0.002642s ]

[ 2020-06-30T12:52:19+08:00 ] ::1 /Test/wms/admin.php?m=Admin&c=Login&a=login
INFO: [ app_begin ] --START--
INFO: Run Behavior\ReadHtmlCacheBehavior [ RunTime:0.001378s ]
INFO: [ app_begin ] --END-- [ RunTime:0.002171s ]

[ 2020-06-30T12:52:19+08:00 ] ::1 /Test/wms/admin.php?m=Admin&c=Login&a=login
INFO: [ app_begin ] --START--
INFO: Run Behavior\ReadHtmlCacheBehavior [ RunTime:0.001069s ]
INFO: [ app_begin ] --END-- [ RunTime:0.001792s ]

[ 2020-06-30T12:52:20+08:00 ] ::1 /Test/wms/admin.php?m=Admin&c=Login&a=login
INFO: [ app_begin ] --START--
INFO: Run Behavior\ReadHtmlCacheBehavior [ RunTime:0.001694s ]
INFO: [ app_begin ] --END-- [ RunTime:0.002505s ]

[ 2020-06-30T12:52:20+08:00 ] ::1 /Test/wms/admin.php?m=Admin&c=Login&a=login
INFO: [ app_begin ] --START--
INFO: Run Behavior\ReadHtmlCacheBehavior [ RunTime:0.001025s ]
INFO: [ app_begin ] --END-- [ RunTime:0.001605s ]

[ 2020-06-30T12:52:20+08:00 ] ::1 /Test/wms/admin.php?m=Admin&c=Login&a=login
INFO: [ app_begin ] --START--
INFO: Run Behavior\ReadHtmlCacheBehavior [ RunTime:0.001724s ]
INFO: [ app_begin ] --END-- [ RunTime:0.002422s ]

[ 2020-06-30T12:52:20+08:00 ] ::1 /Test/wms/admin.php?m=Admin&c=Login&a=login
INFO: [ app_begin ] --START--
INFO: Run Behavior\ReadHtmlCacheBehavior [ RunTime:0.001453s ]
INFO: [ app_begin ] --END-- [ RunTime:0.002239s ]

[ 2020-06-30T12:52:20+08:00 ] ::1 /Test/wms/admin.php?m=Admin&c=Login&a=login
INFO: [ app_begin ] --START--
INFO: Run Behavior\ReadHtmlCacheBehavior [ RunTime:0.001876s ]
INFO: [ app_begin ] --END-- [ RunTime:0.002652s ]

[ 2020-06-30T12:59:22+08:00 ] ::1 /Test/wms/admin.php?m=Admin&c=Login&a=login
INFO: [ app_begin ] --START--
INFO: Run Behavior\ReadHtmlCacheBehavior [ RunTime:0.001904s ]
INFO: [ app_begin ] --END-- [ RunTime:0.002631s ]
SQL: SELECT * FROM `member` WHERE ( username = 'kkkk' and password= '827ccb0eea8a706c4c34a16891f84e7b' ) LIMIT 1   [ RunTime:0.0093s ]

[ 2020-06-30T13:00:32+08:00 ] ::1 /Test/wms/admin.php?m=Admin&c=Login&a=login
INFO: [ app_begin ] --START--
INFO: Run Behavior\ReadHtmlCacheBehavior [ RunTime:0.001592s ]
INFO: [ app_begin ] --END-- [ RunTime:0.002298s ]
SQL: SELECT * FROM `member` WHERE ( username = 'Apple' and password= 'e10adc3949ba59abbe56e057f20f883e' ) LIMIT 1   [ RunTime:0.0012s ]
INFO: [ app_end ] --START--
INFO: Run Behavior\ShowPageTraceBehavior [ RunTime:0.004090s ]
INFO: [ app_end ] --END-- [ RunTime:0.004320s ]

[ 2020-06-30T13:00:35+08:00 ] ::1 /Test/wms/admin.php?m=Admin&c=Login&a=login
INFO: [ app_begin ] --START--
INFO: Run Behavior\ReadHtmlCacheBehavior [ RunTime:0.002958s ]
INFO: [ app_begin ] --END-- [ RunTime:0.004990s ]

[ 2020-06-30T13:00:51+08:00 ] ::1 /Test/wms/admin.php?m=Admin&c=Login&a=login
INFO: [ app_begin ] --START--
INFO: Run Behavior\ReadHtmlCacheBehavior [ RunTime:0.001376s ]
INFO: [ app_begin ] --END-- [ RunTime:0.002387s ]
SQL: SELECT * FROM `member` WHERE ( username = 'aaaa' and password= 'e3ceb5881a0a1fdaad01296d7554868d' ) LIMIT 1   [ RunTime:0.0022s ]

[ 2020-06-30T13:01:39+08:00 ] ::1 /Test/wms/admin.php?m=Admin&c=Login&a=login
INFO: [ app_begin ] --START--
INFO: Run Behavior\ReadHtmlCacheBehavior [ RunTime:0.002680s ]
INFO: [ app_begin ] --END-- [ RunTime:0.004163s ]

[ 2020-06-30T13:01:40+08:00 ] ::1 /Test/wms/admin.php?m=Admin&c=Login&a=login
INFO: [ app_begin ] --START--
INFO: Run Behavior\ReadHtmlCacheBehavior [ RunTime:0.002616s ]
INFO: [ app_begin ] --END-- [ RunTime:0.004328s ]

[ 2020-06-30T13:02:04+08:00 ] ::1 /Test/wms/admin.php?m=Admin&c=Login&a=login
INFO: [ app_begin ] --START--
INFO: Run Behavior\ReadHtmlCacheBehavior [ RunTime:0.001734s ]
INFO: [ app_begin ] --END-- [ RunTime:0.002532s ]
SQL: SELECT * FROM `member` WHERE ( username = 'Apple' and password= 'e10adc3949ba59abbe56e057f20f883e' ) LIMIT 1   [ RunTime:0.0014s ]
INFO: [ app_end ] --START--
INFO: Run Behavior\ShowPageTraceBehavior [ RunTime:0.006066s ]
INFO: [ app_end ] --END-- [ RunTime:0.006386s ]

[ 2020-06-30T13:04:57+08:00 ] ::1 /Test/wms/admin.php?m=Admin&c=Login&a=login
INFO: [ app_begin ] --START--
INFO: Run Behavior\ReadHtmlCacheBehavior [ RunTime:0.002011s ]
INFO: [ app_begin ] --END-- [ RunTime:0.002764s ]
SQL: SELECT * FROM `member` WHERE ( username = 'Apple' and password= 'e10adc3949ba59abbe56e057f20f883e' ) LIMIT 1   [ RunTime:0.0018s ]
INFO: [ app_end ] --START--
INFO: Run Behavior\ShowPageTraceBehavior [ RunTime:0.005000s ]
INFO: [ app_end ] --END-- [ RunTime:0.005289s ]

[ 2020-06-30T13:08:44+08:00 ] ::1 /Test/wms/admin.php?m=Admin&c=Login&a=login
INFO: [ app_begin ] --START--
INFO: Run Behavior\ReadHtmlCacheBehavior [ RunTime:0.001217s ]
INFO: [ app_begin ] --END-- [ RunTime:0.001913s ]

[ 2020-06-30T13:08:55+08:00 ] ::1 /Test/wms/admin.php?m=Admin&c=Login&a=login
INFO: [ app_begin ] --START--
INFO: Run Behavior\ReadHtmlCacheBehavior [ RunTime:0.002304s ]
INFO: [ app_begin ] --END-- [ RunTime:0.003501s ]
SQL: SELECT * FROM `member` WHERE ( username = 'Apple' and password= 'e10adc3949ba59abbe56e057f20f883e' ) LIMIT 1   [ RunTime:0.0017s ]

[ 2020-06-30T13:10:47+08:00 ] ::1 /Test/wms/admin.php?m=Admin&c=category&a=index
ERR: SQLSTATE[42S02]: Base table or view not found: 1146 Table 'thinkdemo.category' doesn't exist

[ 2020-06-30T13:12:16+08:00 ] ::1 /Test/wms/admin.php?m=Admin&c=Login&a=login
INFO: [ app_begin ] --START--
INFO: Run Behavior\ReadHtmlCacheBehavior [ RunTime:0.001284s ]
INFO: [ app_begin ] --END-- [ RunTime:0.002648s ]
SQL: SELECT * FROM `member` WHERE ( username = 'Apple' and password= 'e10adc3949ba59abbe56e057f20f883e' ) LIMIT 1   [ RunTime:0.0012s ]

[ 2020-06-30T13:13:14+08:00 ] ::1 /Test/wms/admin.php?m=Admin&c=category&a=index
ERR: SQLSTATE[42S02]: Base table or view not found: 1146 Table 'thinkdemo.category' doesn't exist

[ 2020-06-30T13:13:27+08:00 ] ::1 /Test/wms/admin.php?m=Admin&c=Login&a=login
INFO: [ app_begin ] --START--
INFO: Run Behavior\ReadHtmlCacheBehavior [ RunTime:0.003092s ]
INFO: [ app_begin ] --END-- [ RunTime:0.004559s ]
SQL: SELECT * FROM `member` WHERE ( username = 'Apple' and password= 'e10adc3949ba59abbe56e057f20f883e' ) LIMIT 1   [ RunTime:0.0010s ]

[ 2020-06-30T13:22:04+08:00 ] ::1 /Test/wms/admin.php?m=Admin&c=Login&a=login
INFO: [ app_begin ] --START--
INFO: Run Behavior\ReadHtmlCacheBehavior [ RunTime:0.001179s ]
INFO: [ app_begin ] --END-- [ RunTime:0.001813s ]
SQL: SELECT * FROM `member` WHERE ( username = 'kk' and password= 'e10adc3949ba59abbe56e057f20f883e' ) LIMIT 1   [ RunTime:0.0019s ]
SQL: INSERT INTO `member` (`update_at`,`login_ip`) VALUES ('1593494524','0.0.0.0') [ RunTime:0.0019s ]

[ 2020-06-30T13:32:49+08:00 ] ::1 /Test/wms/admin.php?m=Admin&c=Login&a=login
INFO: [ app_begin ] --START--
INFO: Run Behavior\ReadHtmlCacheBehavior [ RunTime:0.002888s ]
INFO: [ app_begin ] --END-- [ RunTime:0.003567s ]
SQL: SELECT * FROM `member` WHERE ( username = 'gg' and password= 'e10adc3949ba59abbe56e057f20f883e' ) LIMIT 1   [ RunTime:0.0007s ]
SQL: INSERT INTO `member` (`update_at`,`login_ip`) VALUES ('1593495169','0.0.0.0') [ RunTime:0.0006s ]

[ 2020-06-30T13:34:07+08:00 ] ::1 /Test/wms/admin.php?m=Admin&c=category&a=index
ERR: SQLSTATE[42S02]: Base table or view not found: 1146 Table 'thinkdemo.category' doesn't exist

[ 2020-06-30T13:36:42+08:00 ] ::1 /Test/wms/admin.php?m=Admin&c=Login&a=login
INFO: [ app_begin ] --START--
INFO: Run Behavior\ReadHtmlCacheBehavior [ RunTime:0.001782s ]
INFO: [ app_begin ] --END-- [ RunTime:0.002556s ]
SQL: SELECT * FROM `member` WHERE ( username = 'Apple' and password= 'e10adc3949ba59abbe56e057f20f883e' ) LIMIT 1   [ RunTime:0.0014s ]
SQL: INSERT INTO `member` (`update_at`,`login_ip`) VALUES ('1593495402','0.0.0.0') [ RunTime:0.0011s ]

[ 2020-06-30T13:37:16+08:00 ] ::1 /Test/wms/admin.php?m=Admin&c=Login&a=login
INFO: [ app_begin ] --START--
INFO: Run Behavior\ReadHtmlCacheBehavior [ RunTime:0.001428s ]
INFO: [ app_begin ] --END-- [ RunTime:0.002215s ]
SQL: SELECT * FROM `member` WHERE ( username = 'Apple' and password= 'e10adc3949ba59abbe56e057f20f883e' ) LIMIT 1   [ RunTime:0.0015s ]
SQL: INSERT INTO `member` (`update_at`,`login_ip`) VALUES ('1593495436','0.0.0.0') [ RunTime:0.0012s ]

[ 2020-06-30T13:51:20+08:00 ] ::1 /Test/wms/admin.php?m=Admin&c=Login&a=login
INFO: [ app_begin ] --START--
INFO: Run Behavior\ReadHtmlCacheBehavior [ RunTime:0.001056s ]
INFO: [ app_begin ] --END-- [ RunTime:0.001595s ]
SQL: SELECT * FROM `member` WHERE ( username = 'Apple' and password= 'e10adc3949ba59abbe56e057f20f883e' ) LIMIT 1   [ RunTime:0.0004s ]
SQL: UPDATE `member` SET `update_at`='1593496280',`login_ip`='0.0.0.0' WHERE ( username = 'Apple' and password= 'e10adc3949ba59abbe56e057f20f883e' ) [ RunTime:0.0176s ]

[ 2020-06-30T13:56:15+08:00 ] 127.0.0.1 /Test/wms/index.php?m=Admin&c=Login&a=login
INFO: [ app_begin ] --START--
INFO: Run Behavior\ReadHtmlCacheBehavior [ RunTime:0.000916s ]
INFO: [ app_begin ] --END-- [ RunTime:0.001431s ]
SQL: SELECT * FROM `member` WHERE ( username = 'Apple' and password= 'e10adc3949ba59abbe56e057f20f883e' ) LIMIT 1   [ RunTime:0.0005s ]
SQL: UPDATE `member` SET `update_at`='1593496575',`login_ip`='127.0.0.1' WHERE ( username = 'Apple' and password= 'e10adc3949ba59abbe56e057f20f883e' ) [ RunTime:0.0332s ]

[ 2020-06-30T14:21:00+08:00 ] 127.0.0.1 /Test/wms/index.php?m=Admin&c=member&a=update
ERR: SQLSTATE[42000]: Syntax error or access violation: 1064 You have an error in your SQL syntax; check the manual that corresponds to your MySQL server version for the right syntax to use near ')' at line 1

[ 2020-06-30T14:48:29+08:00 ] 127.0.0.1 /Test/wms/index.php?m=Admin&c=member&a=update&id=7
ERR: Think\Model:M方法不存在！

[ 2020-06-30T14:49:11+08:00 ] 127.0.0.1 /Test/wms/index.php?m=Admin&c=member&a=update&id=7
ERR: Think\Model:M方法不存在！

[ 2020-06-30T14:49:15+08:00 ] 127.0.0.1 /Test/wms/index.php?m=Admin&c=member&a=update&id=7
ERR: Think\Model:M方法不存在！

[ 2020-06-30T14:49:36+08:00 ] 127.0.0.1 /Test/wms/index.php?m=Admin&c=member&a=update&id=7
ERR: Think\Model:D方法不存在！

[ 2020-06-30T14:58:27+08:00 ] 127.0.0.1 /Test/wms/index.php?m=Admin&c=member&a=update
ERR: SQLSTATE[42000]: Syntax error or access violation: 1064 You have an error in your SQL syntax; check the manual that corresponds to your MySQL server version for the right syntax to use near ')' at line 1

[ 2020-06-30T15:00:01+08:00 ] 127.0.0.1 /Test/wms/index.php?m=Admin&c=member&a=update
ERR: SQLSTATE[42000]: Syntax error or access violation: 1064 You have an error in your SQL syntax; check the manual that corresponds to your MySQL server version for the right syntax to use near ')' at line 1

[ 2020-06-30T15:05:42+08:00 ] 127.0.0.1 /Test/wms/index.php?m=Admin&c=member&a=update
ERR: SQLSTATE[42000]: Syntax error or access violation: 1064 You have an error in your SQL syntax; check the manual that corresponds to your MySQL server version for the right syntax to use near ')' at line 1

[ 2020-06-30T15:06:31+08:00 ] 127.0.0.1 /Test/wms/index.php?m=Admin&c=member&a=update
ERR: SQLSTATE[42000]: Syntax error or access violation: 1064 You have an error in your SQL syntax; check the manual that corresponds to your MySQL server version for the right syntax to use near ')' at line 1

[ 2020-06-30T15:50:52+08:00 ] 127.0.0.1 /Test/wms/index.php?m=Admin&c=category&a=index
ERR: Think\Model:limi方法不存在！

[ 2020-06-30T16:07:29+08:00 ] 127.0.0.1 /Test/wms/index.php?m=Admin&c=category&a=delete&id=1
ERR: SQLSTATE[42S02]: Base table or view not found: 1146 Table 'thinkdemo.instore' doesn't exist

[ 2020-06-30T16:16:12+08:00 ] 127.0.0.1 /Test/wms/index.php?m=Admin&c=Product&a=index
ERR: SQLSTATE[42S02]: Base table or view not found: 1146 Table 'thinkdemo.product' doesn't exist

[ 2020-06-30T16:16:32+08:00 ] 127.0.0.1 /Test/wms/index.php?m=Admin&c=Outstore&a=index
ERR: SQLSTATE[42S02]: Base table or view not found: 1146 Table 'thinkdemo.outstore' doesn't exist

[ 2020-06-30T16:27:02+08:00 ] 127.0.0.1 /Test/wms/index.php?m=Admin&c=instore&a=index
ERR: SQLSTATE[42S02]: Base table or view not found: 1146 Table 'thinkdemo.product' doesn't exist

[ 2020-06-30T16:27:23+08:00 ] 127.0.0.1 /Test/wms/index.php?m=Admin&c=instore&a=index
ERR: SQLSTATE[42S02]: Base table or view not found: 1146 Table 'thinkdemo.product' doesn't exist

[ 2020-06-30T16:27:33+08:00 ] 127.0.0.1 /Test/wms/index.php?m=Admin&c=instore&a=index
ERR: SQLSTATE[42S02]: Base table or view not found: 1146 Table 'thinkdemo.product' doesn't exist

[ 2020-06-30T16:32:38+08:00 ] 127.0.0.1 /Test/wms/index.php?m=Admin&c=instore&a=index
ERR: SQLSTATE[42S02]: Base table or view not found: 1146 Table 'thinkdemo.instore_count' doesn't exist

[ 2020-06-30T16:33:29+08:00 ] 127.0.0.1 /Test/wms/index.php?m=Admin&c=instore&a=index
ERR: SQLSTATE[42S02]: Base table or view not found: 1146 Table 'thinkdemo.instore_count' doesn't exist

[ 2020-06-30T16:34:20+08:00 ] 127.0.0.1 /Test/wms/index.php?m=Admin&c=instore&a=index
ERR: SQLSTATE[42S02]: Base table or view not found: 1146 Table 'thinkdemo.instore_count' doesn't exist

[ 2020-06-30T16:35:23+08:00 ] 127.0.0.1 /Test/wms/index.php?m=Admin&c=Instore&a=add
ERR: SQLSTATE[42S02]: Base table or view not found: 1146 Table 'thinkdemo.product' doesn't exist

[ 2020-06-30T16:35:28+08:00 ] 127.0.0.1 /Test/wms/index.php?m=Admin&c=Instore&a=add
ERR: SQLSTATE[42S02]: Base table or view not found: 1146 Table 'thinkdemo.product' doesn't exist

[ 2020-06-30T16:36:16+08:00 ] 127.0.0.1 /Test/wms/index.php?m=Admin&c=Instore&a=index
ERR: SQLSTATE[42S02]: Base table or view not found: 1146 Table 'thinkdemo.product' doesn't exist

[ 2020-06-30T16:51:51+08:00 ] 127.0.0.1 /Test/wms/index.php?m=Admin&c=Product&a=index
ERR: SQLSTATE[42S22]: Column not found: 1054 Unknown column 'Product.status' in 'field list'

[ 2020-06-30T17:14:15+08:00 ] 127.0.0.1 /Test/wms/index.php?m=Admin&c=Product&a=update
ERR: 参数错误或者未定义:id

[ 2020-06-30T17:16:21+08:00 ] 127.0.0.1 /Test/wms/index.php?m=Admin&c=post&a=update&id=
ERR: 无法加载控制器:Post

[ 2020-06-30T21:59:42+08:00 ] 127.0.0.1 /Test/wms/index.php?m=Admin&c=Product&a=index
ERR: SQLSTATE[42S22]: Column not found: 1054 Unknown column 'member.username' in 'where clause'

[ 2020-06-30T22:51:20+08:00 ] 127.0.0.1 /Test/wms/index.php?m=Admin&c=Instore&a=index
ERR: SQLSTATE[42S22]: Column not found: 1054 Unknown column 'instore.goods_name' in 'where clause'

